Name "main::MunrosScarletGlobemallow" used only once: possible typo at Calc_IGH_FR1_PGM.pl line 12.
Name "main::badVJcount" used only once: possible typo at Calc_IGH_FR1_PGM.pl line 367.
Name "main::badJscore" used only once: possible typo at Calc_IGH_FR1_PGM.pl line 368.
Name "main::NorthernFairyCandelabra" used only once: possible typo at Calc_IGH_FR1_PGM.pl line 40.
Name "main::WesternColumbine" used only once: possible typo at Calc_IGH_FR1_PGM.pl line 587.
Name "main::bad_Jcount" used only once: possible typo at Calc_IGH_FR1_PGM.pl line 372.
Name "main::WoollyBalsamroot" used only once: possible typo at Calc_IGH_FR1_PGM.pl line 571.
Name "main::bad_Vcount" used only once: possible typo at Calc_IGH_FR1_PGM.pl line 364.
Use of uninitialized value $NorthernFairyCandelabra in concatenation (.) or string at Calc_IGH_FR1_PGM.pl line 40, <GET_DATA1> line 286.
Use of uninitialized value $V_temp in addition (+) at Calc_IGH_FR1_PGM.pl line 184, <GET_DATA1> line 2561.
Use of uninitialized value $V_temp in addition (+) at Calc_IGH_FR1_PGM.pl line 185, <GET_DATA1> line 2561.
Use of uninitialized value $V_temp in addition (+) at Calc_IGH_FR1_PGM.pl line 184, <GET_DATA1> line 2563.
Use of uninitialized value $V_temp in addition (+) at Calc_IGH_FR1_PGM.pl line 185, <GET_DATA1> line 2563.
Use of uninitialized value $V_temp in addition (+) at Calc_IGH_FR1_PGM.pl line 184, <GET_DATA1> line 2565.
Use of uninitialized value $V_temp in addition (+) at Calc_IGH_FR1_PGM.pl line 185, <GET_DATA1> line 2565.
Use of uninitialized value $V_temp in addition (+) at Calc_IGH_FR1_PGM.pl line 184, <GET_DATA1> line 2567.
Use of uninitialized value $V_temp in addition (+) at Calc_IGH_FR1_PGM.pl line 185, <GET_DATA1> line 2567.
Use of uninitialized value $V_temp in addition (+) at Calc_IGH_FR1_PGM.pl line 184, <GET_DATA1> line 2569.
Use of uninitialized value $V_temp in addition (+) at Calc_IGH_FR1_PGM.pl line 185, <GET_DATA1> line 2569.
Use of uninitialized value $V_temp in addition (+) at Calc_IGH_FR1_PGM.pl line 184, <GET_DATA1> line 2571.
Use of uninitialized value $V_temp in addition (+) at Calc_IGH_FR1_PGM.pl line 185, <GET_DATA1> line 2571.
Use of uninitialized value $V_temp in addition (+) at Calc_IGH_FR1_PGM.pl line 184, <GET_DATA1> line 2573.
Use of uninitialized value $V_temp in addition (+) at Calc_IGH_FR1_PGM.pl line 185, <GET_DATA1> line 2573.
Use of uninitialized value $V_temp in addition (+) at Calc_IGH_FR1_PGM.pl line 184, <GET_DATA1> line 2575.
Use of uninitialized value $V_temp in addition (+) at Calc_IGH_FR1_PGM.pl line 185, <GET_DATA1> line 2575.
Use of uninitialized value $V_temp in addition (+) at Calc_IGH_FR1_PGM.pl line 184, <GET_DATA1> line 2577.
Use of uninitialized value $V_temp in addition (+) at Calc_IGH_FR1_PGM.pl line 185, <GET_DATA1> line 2577.
Use of uninitialized value $V_temp in addition (+) at Calc_IGH_FR1_PGM.pl line 184, <GET_DATA1> line 2579.
Use of uninitialized value $V_temp in addition (+) at Calc_IGH_FR1_PGM.pl line 185, <GET_DATA1> line 2579.
Use of uninitialized value $STK25_count in concatenation (.) or string at Calc_IGH_FR1_PGM.pl line 262, <GET_DATA1> line 4545.
Total reads = 3
STK25 reads = 
Total reads = 993
Found Total reads = 3
Reads to be aligned (fraction) = 3	(100.00)
Aligned reads (fraction) = 2	(66.67)
